<?xml version="1.0" encoding="UTF-8"?>
<!-- Generated by org.testng.reporters.JUnitXMLReporter -->
<testsuite ignored="0" hostname="SaiPooja" failures="0" tests="3" name="Test" time="16.362" errors="0" timestamp="2024-10-15T10:21:35 IST">
  <testcase classname="com.testClasses.TestClass1" name="test1" time="3.173"/>
  <testcase classname="com.testClasses.TestClass1" name="test2" time="5.384"/>
  <testcase classname="com.testClasses.TestClass1" name="test3" time="4.36"/>
</testsuite> <!-- Test -->
