<?xml version="1.0" encoding="UTF-8"?>
<testsuite xmlns:xsi="http://www.w3.org/2001/XMLSchema-instance" xsi:noNamespaceSchemaLocation="https://maven.apache.org/surefire/maven-surefire-plugin/xsd/surefire-test-report-3.0.xsd" version="3.0" name="TestSuite" time="16.84" tests="3" errors="0" skipped="0" failures="0">
  <properties>
[...]
</properties>
  <testcase name="test1" classname="com.testClasses.TestClass1" time="3.171">
    <system-out><![CDATA[TestCase 1: GeeksforGeeks | A computer science portal for geeks]]></system-out>
    <system-err><![CDATA[SLF4J: Failed to load class "org.slf4j.impl.StaticLoggerBinder".
SLF4J: Defaulting to no-operation (NOP) logger implementation
SLF4J: See http://www.slf4j.org/codes.html#StaticLoggerBinder for further details.
]]></system-err>
  </testcase>
  <testcase name="test2" classname="com.testClasses.TestClass1" time="5.386">
    <system-out><![CDATA[TestCase 2: GeeksforGeeks | A computer science portal for geeks]]></system-out>
  </testcase>
  <testcase name="test3" classname="com.testClasses.TestClass1" time="4.36">
    <system-out><![CDATA[TestCase 3: https://www.geeksforgeeks.org/]]></system-out>
  </testcase>
</testsuite>