<?xml version="1.0" encoding="UTF-8"?>
<testng-results ignored="0" total="3" passed="3" failed="0" skipped="0">
  <reporter-output>
  </reporter-output>
  <suite started-at="2024-10-15T10:21:19 IST" name="Suite" finished-at="2024-10-15T10:21:35 IST" duration-ms="16362">
    <groups>
    </groups>
    <test started-at="2024-10-15T10:21:19 IST" name="Test" finished-at="2024-10-15T10:21:35 IST" duration-ms="16362">
      <class name="com.testClasses.TestClass1">
        <test-method is-config="true" signature="launchBrowser()[pri:0, instance:com.testClasses.TestClass1@10e31a9a]" started-at="2024-10-15T10:21:19 IST" name="launchBrowser" finished-at="2024-10-15T10:21:20 IST" duration-ms="1304" status="PASS">
          <reporter-output>
          </reporter-output>
        </test-method> <!-- launchBrowser -->
        <test-method signature="test1()[pri:0, instance:com.testClasses.TestClass1@10e31a9a]" started-at="2024-10-15T10:21:20 IST" name="test1" finished-at="2024-10-15T10:21:24 IST" duration-ms="3173" status="PASS">
          <reporter-output>
          </reporter-output>
        </test-method> <!-- test1 -->
        <test-method is-config="true" signature="closeBrowser()[pri:0, instance:com.testClasses.TestClass1@10e31a9a]" started-at="2024-10-15T10:21:24 IST" name="closeBrowser" finished-at="2024-10-15T10:21:24 IST" duration-ms="183" status="PASS">
          <reporter-output>
          </reporter-output>
        </test-method> <!-- closeBrowser -->
        <test-method is-config="true" signature="launchBrowser()[pri:0, instance:com.testClasses.TestClass1@10e31a9a]" started-at="2024-10-15T10:21:24 IST" name="launchBrowser" finished-at="2024-10-15T10:21:24 IST" duration-ms="803" status="PASS">
          <reporter-output>
          </reporter-output>
        </test-method> <!-- launchBrowser -->
        <test-method signature="test2()[pri:0, instance:com.testClasses.TestClass1@10e31a9a]" started-at="2024-10-15T10:21:24 IST" name="test2" finished-at="2024-10-15T10:21:30 IST" duration-ms="5384" status="PASS">
          <reporter-output>
          </reporter-output>
        </test-method> <!-- test2 -->
        <test-method is-config="true" signature="closeBrowser()[pri:0, instance:com.testClasses.TestClass1@10e31a9a]" started-at="2024-10-15T10:21:30 IST" name="closeBrowser" finished-at="2024-10-15T10:21:30 IST" duration-ms="160" status="PASS">
          <reporter-output>
          </reporter-output>
        </test-method> <!-- closeBrowser -->
        <test-method is-config="true" signature="launchBrowser()[pri:0, instance:com.testClasses.TestClass1@10e31a9a]" started-at="2024-10-15T10:21:30 IST" name="launchBrowser" finished-at="2024-10-15T10:21:31 IST" duration-ms="820" status="PASS">
          <reporter-output>
          </reporter-output>
        </test-method> <!-- launchBrowser -->
        <test-method signature="test3()[pri:0, instance:com.testClasses.TestClass1@10e31a9a]" started-at="2024-10-15T10:21:31 IST" name="test3" finished-at="2024-10-15T10:21:35 IST" duration-ms="4360" status="PASS">
          <reporter-output>
          </reporter-output>
        </test-method> <!-- test3 -->
        <test-method is-config="true" signature="closeBrowser()[pri:0, instance:com.testClasses.TestClass1@10e31a9a]" started-at="2024-10-15T10:21:35 IST" name="closeBrowser" finished-at="2024-10-15T10:21:35 IST" duration-ms="126" status="PASS">
          <reporter-output>
          </reporter-output>
        </test-method> <!-- closeBrowser -->
      </class> <!-- com.testClasses.TestClass1 -->
    </test> <!-- Test -->
  </suite> <!-- Suite -->
</testng-results>
